<?xml version="1.0" encoding="UTF-8"?>
<testng-results skipped="0" failed="0" total="2" passed="2">
  <reporter-output>
  </reporter-output>
  <suite name="Suite111" duration-ms="36535" started-at="2018-02-28T16:29:25Z" finished-at="2018-02-28T16:30:02Z">
    <groups>
      <group name="cucumber">
        <method signature="AbstractTestNGCucumberTests.feature(cucumber.api.testng.CucumberFeatureWrapper)[pri:0, instance:com.testframe.runner.Login.Loginrunner@20322d26]" name="feature" class="cucumber.api.testng.AbstractTestNGCucumberTests"/>
        <method signature="AbstractTestNGCucumberTests.feature(cucumber.api.testng.CucumberFeatureWrapper)[pri:0, instance:com.testframe.runner.NewCustomer.newcustomerrunner@192b07fd]" name="feature" class="cucumber.api.testng.AbstractTestNGCucumberTests"/>
      </group> <!-- cucumber -->
    </groups>
    <test name="test" duration-ms="36535" started-at="2018-02-28T16:29:25Z" finished-at="2018-02-28T16:30:02Z">
      <class name="com.testframe.runner.Login.Loginrunner">
        <test-method status="PASS" signature="setUpClass()[pri:0, instance:com.testframe.runner.Login.Loginrunner@20322d26]" name="setUpClass" is-config="true" duration-ms="516" started-at="2018-02-28T21:59:25Z" finished-at="2018-02-28T21:59:26Z">
          <reporter-output>
          </reporter-output>
        </test-method> <!-- setUpClass -->
        <test-method status="PASS" signature="feature(cucumber.api.testng.CucumberFeatureWrapper)[pri:0, instance:com.testframe.runner.Login.Loginrunner@20322d26]" name="feature" duration-ms="12345" started-at="2018-02-28T21:59:26Z" description="Runs Cucumber Feature" data-provider="features" finished-at="2018-02-28T21:59:38Z">
          <params>
            <param index="0">
              <value>
                <![CDATA[Login to the page]]>
              </value>
            </param>
          </params>
          <reporter-output>
          </reporter-output>
        </test-method> <!-- feature -->
        <test-method status="PASS" signature="tearDownClass()[pri:0, instance:com.testframe.runner.Login.Loginrunner@20322d26]" name="tearDownClass" is-config="true" duration-ms="14" started-at="2018-02-28T21:59:38Z" finished-at="2018-02-28T21:59:38Z">
          <reporter-output>
          </reporter-output>
        </test-method> <!-- tearDownClass -->
      </class> <!-- com.testframe.runner.Login.Loginrunner -->
      <class name="com.testframe.runner.NewCustomer.newcustomerrunner">
        <test-method status="PASS" signature="setUpClass()[pri:0, instance:com.testframe.runner.NewCustomer.newcustomerrunner@192b07fd]" name="setUpClass" is-config="true" duration-ms="88" started-at="2018-02-28T21:59:38Z" finished-at="2018-02-28T21:59:38Z">
          <reporter-output>
          </reporter-output>
        </test-method> <!-- setUpClass -->
        <test-method status="PASS" signature="feature(cucumber.api.testng.CucumberFeatureWrapper)[pri:0, instance:com.testframe.runner.NewCustomer.newcustomerrunner@192b07fd]" name="feature" duration-ms="23396" started-at="2018-02-28T21:59:38Z" description="Runs Cucumber Feature" data-provider="features" finished-at="2018-02-28T22:00:02Z">
          <params>
            <param index="0">
              <value>
                <![CDATA[Create New Customer]]>
              </value>
            </param>
          </params>
          <reporter-output>
          </reporter-output>
        </test-method> <!-- feature -->
        <test-method status="PASS" signature="tearDownClass()[pri:0, instance:com.testframe.runner.NewCustomer.newcustomerrunner@192b07fd]" name="tearDownClass" is-config="true" duration-ms="10" started-at="2018-02-28T22:00:02Z" finished-at="2018-02-28T22:00:02Z">
          <reporter-output>
          </reporter-output>
        </test-method> <!-- tearDownClass -->
      </class> <!-- com.testframe.runner.NewCustomer.newcustomerrunner -->
    </test> <!-- test -->
  </suite> <!-- Suite111 -->
</testng-results>
