<?xml version="1.0" encoding="UTF-8"?>
<testng-results skipped="0" failed="0" total="2" passed="2">
  <reporter-output>
  </reporter-output>
  <suite name="Suite111" duration-ms="74656" started-at="2018-02-27T17:14:30Z" finished-at="2018-02-27T17:15:44Z">
    <groups>
      <group name="cucumber">
        <method signature="AbstractTestNGCucumberTests.feature(cucumber.api.testng.CucumberFeatureWrapper)[pri:0, instance:com.testframe.runner.Login.Loginrunner@20322d26]" name="feature" class="cucumber.api.testng.AbstractTestNGCucumberTests"/>
        <method signature="AbstractTestNGCucumberTests.feature(cucumber.api.testng.CucumberFeatureWrapper)[pri:0, instance:com.testframe.runner.NewCustomer.newcustomerrunner@192b07fd]" name="feature" class="cucumber.api.testng.AbstractTestNGCucumberTests"/>
      </group> <!-- cucumber -->
    </groups>
    <test name="test" duration-ms="74656" started-at="2018-02-27T17:14:30Z" finished-at="2018-02-27T17:15:44Z">
      <class name="com.testframe.runner.Login.Loginrunner">
        <test-method status="PASS" signature="setUpClass()[pri:0, instance:com.testframe.runner.Login.Loginrunner@20322d26]" name="setUpClass" is-config="true" duration-ms="478" started-at="2018-02-27T22:44:30Z" finished-at="2018-02-27T22:44:30Z">
          <reporter-output>
          </reporter-output>
        </test-method> <!-- setUpClass -->
        <test-method status="PASS" signature="feature(cucumber.api.testng.CucumberFeatureWrapper)[pri:0, instance:com.testframe.runner.Login.Loginrunner@20322d26]" name="feature" duration-ms="10657" started-at="2018-02-27T22:44:30Z" description="Runs Cucumber Feature" data-provider="features" finished-at="2018-02-27T22:44:41Z">
          <params>
            <param index="0">
              <value>
                <![CDATA[Login to the page]]>
              </value>
            </param>
          </params>
          <reporter-output>
          </reporter-output>
        </test-method> <!-- feature -->
        <test-method status="PASS" signature="tearDownClass()[pri:0, instance:com.testframe.runner.Login.Loginrunner@20322d26]" name="tearDownClass" is-config="true" duration-ms="13" started-at="2018-02-27T22:44:41Z" finished-at="2018-02-27T22:44:41Z">
          <reporter-output>
          </reporter-output>
        </test-method> <!-- tearDownClass -->
      </class> <!-- com.testframe.runner.Login.Loginrunner -->
      <class name="com.testframe.runner.NewCustomer.newcustomerrunner">
        <test-method status="PASS" signature="setUpClass()[pri:0, instance:com.testframe.runner.NewCustomer.newcustomerrunner@192b07fd]" name="setUpClass" is-config="true" duration-ms="88" started-at="2018-02-27T22:44:41Z" finished-at="2018-02-27T22:44:41Z">
          <reporter-output>
          </reporter-output>
        </test-method> <!-- setUpClass -->
        <test-method status="PASS" signature="feature(cucumber.api.testng.CucumberFeatureWrapper)[pri:0, instance:com.testframe.runner.NewCustomer.newcustomerrunner@192b07fd]" name="feature" duration-ms="63246" started-at="2018-02-27T22:44:41Z" description="Runs Cucumber Feature" data-provider="features" finished-at="2018-02-27T22:45:44Z">
          <params>
            <param index="0">
              <value>
                <![CDATA[Create New Customer]]>
              </value>
            </param>
          </params>
          <reporter-output>
          </reporter-output>
        </test-method> <!-- feature -->
        <test-method status="PASS" signature="tearDownClass()[pri:0, instance:com.testframe.runner.NewCustomer.newcustomerrunner@192b07fd]" name="tearDownClass" is-config="true" duration-ms="11" started-at="2018-02-27T22:45:44Z" finished-at="2018-02-27T22:45:44Z">
          <reporter-output>
          </reporter-output>
        </test-method> <!-- tearDownClass -->
      </class> <!-- com.testframe.runner.NewCustomer.newcustomerrunner -->
    </test> <!-- test -->
  </suite> <!-- Suite111 -->
</testng-results>
