<?xml version="1.0" encoding="UTF-8"?>
<testng-results skipped="0" failed="0" total="2" passed="2">
  <reporter-output>
  </reporter-output>
  <suite name="Suite111" duration-ms="27968" started-at="2018-02-25T05:23:06Z" finished-at="2018-02-25T05:23:34Z">
    <groups>
      <group name="cucumber">
        <method signature="AbstractTestNGCucumberTests.feature(cucumber.api.testng.CucumberFeatureWrapper)[pri:0, instance:com.testframe.runner.Login.Loginrunner@20322d26]" name="feature" class="cucumber.api.testng.AbstractTestNGCucumberTests"/>
        <method signature="AbstractTestNGCucumberTests.feature(cucumber.api.testng.CucumberFeatureWrapper)[pri:0, instance:com.testframe.runner.NewCustomer.newcustomerrunner@192b07fd]" name="feature" class="cucumber.api.testng.AbstractTestNGCucumberTests"/>
      </group> <!-- cucumber -->
    </groups>
    <test name="test" duration-ms="27968" started-at="2018-02-25T05:23:06Z" finished-at="2018-02-25T05:23:34Z">
      <class name="com.testframe.runner.Login.Loginrunner">
        <test-method status="PASS" signature="setUpClass()[pri:0, instance:com.testframe.runner.Login.Loginrunner@20322d26]" name="setUpClass" is-config="true" duration-ms="453" started-at="2018-02-25T10:53:06Z" finished-at="2018-02-25T10:53:06Z">
          <reporter-output>
          </reporter-output>
        </test-method> <!-- setUpClass -->
        <test-method status="PASS" signature="feature(cucumber.api.testng.CucumberFeatureWrapper)[pri:0, instance:com.testframe.runner.Login.Loginrunner@20322d26]" name="feature" duration-ms="14152" started-at="2018-02-25T10:53:06Z" description="Runs Cucumber Feature" data-provider="features" finished-at="2018-02-25T10:53:20Z">
          <params>
            <param index="0">
              <value>
                <![CDATA[Login to the page]]>
              </value>
            </param>
          </params>
          <reporter-output>
          </reporter-output>
        </test-method> <!-- feature -->
        <test-method status="PASS" signature="tearDownClass()[pri:0, instance:com.testframe.runner.Login.Loginrunner@20322d26]" name="tearDownClass" is-config="true" duration-ms="12" started-at="2018-02-25T10:53:20Z" finished-at="2018-02-25T10:53:20Z">
          <reporter-output>
          </reporter-output>
        </test-method> <!-- tearDownClass -->
      </class> <!-- com.testframe.runner.Login.Loginrunner -->
      <class name="com.testframe.runner.NewCustomer.newcustomerrunner">
        <test-method status="PASS" signature="setUpClass()[pri:0, instance:com.testframe.runner.NewCustomer.newcustomerrunner@192b07fd]" name="setUpClass" is-config="true" duration-ms="72" started-at="2018-02-25T10:53:20Z" finished-at="2018-02-25T10:53:20Z">
          <reporter-output>
          </reporter-output>
        </test-method> <!-- setUpClass -->
        <test-method status="PASS" signature="feature(cucumber.api.testng.CucumberFeatureWrapper)[pri:0, instance:com.testframe.runner.NewCustomer.newcustomerrunner@192b07fd]" name="feature" duration-ms="13131" started-at="2018-02-25T10:53:20Z" description="Runs Cucumber Feature" data-provider="features" finished-at="2018-02-25T10:53:34Z">
          <params>
            <param index="0">
              <value>
                <![CDATA[Create New Customer]]>
              </value>
            </param>
          </params>
          <reporter-output>
          </reporter-output>
        </test-method> <!-- feature -->
        <test-method status="PASS" signature="tearDownClass()[pri:0, instance:com.testframe.runner.NewCustomer.newcustomerrunner@192b07fd]" name="tearDownClass" is-config="true" duration-ms="9" started-at="2018-02-25T10:53:34Z" finished-at="2018-02-25T10:53:34Z">
          <reporter-output>
          </reporter-output>
        </test-method> <!-- tearDownClass -->
      </class> <!-- com.testframe.runner.NewCustomer.newcustomerrunner -->
    </test> <!-- test -->
  </suite> <!-- Suite111 -->
</testng-results>
