<?xml version="1.0" encoding="UTF-8"?>
<testng-results skipped="0" failed="0" total="1" passed="1">
  <reporter-output>
  </reporter-output>
  <suite name="Suite111" duration-ms="17526" started-at="2018-02-24T15:49:52Z" finished-at="2018-02-24T15:50:10Z">
    <groups>
      <group name="cucumber">
        <method signature="AbstractTestNGCucumberTests.feature(cucumber.api.testng.CucumberFeatureWrapper)[pri:0, instance:com.testframe.runner.Login.Loginrunner@49993335]" name="feature" class="cucumber.api.testng.AbstractTestNGCucumberTests"/>
      </group> <!-- cucumber -->
    </groups>
    <test name="test" duration-ms="17526" started-at="2018-02-24T15:49:52Z" finished-at="2018-02-24T15:50:10Z">
      <class name="com.testframe.runner.Login.Loginrunner">
        <test-method status="PASS" signature="setUpClass()[pri:0, instance:com.testframe.runner.Login.Loginrunner@49993335]" name="setUpClass" is-config="true" duration-ms="462" started-at="2018-02-24T21:19:52Z" finished-at="2018-02-24T21:19:53Z">
          <reporter-output>
          </reporter-output>
        </test-method> <!-- setUpClass -->
        <test-method status="PASS" signature="feature(cucumber.api.testng.CucumberFeatureWrapper)[pri:0, instance:com.testframe.runner.Login.Loginrunner@49993335]" name="feature" duration-ms="16920" started-at="2018-02-24T21:19:53Z" description="Runs Cucumber Feature" data-provider="features" finished-at="2018-02-24T21:20:10Z">
          <params>
            <param index="0">
              <value>
                <![CDATA[Login to the page]]>
              </value>
            </param>
          </params>
          <reporter-output>
          </reporter-output>
        </test-method> <!-- feature -->
        <test-method status="PASS" signature="tearDownClass()[pri:0, instance:com.testframe.runner.Login.Loginrunner@49993335]" name="tearDownClass" is-config="true" duration-ms="13" started-at="2018-02-24T21:20:10Z" finished-at="2018-02-24T21:20:10Z">
          <reporter-output>
          </reporter-output>
        </test-method> <!-- tearDownClass -->
      </class> <!-- com.testframe.runner.Login.Loginrunner -->
    </test> <!-- test -->
  </suite> <!-- Suite111 -->
</testng-results>
